0 verbose cli /opt/homebrew/Cellar/node/25.1.0_1/bin/node /opt/homebrew/bin/npm
1 info using npm@11.7.0
2 info using node@v25.1.0
3 silly config load:file:/opt/homebrew/lib/node_modules/npm/npmrc
4 silly config load:file:/Users/johanneseder711/Documents/ugk_website/unlimited-goalkeeping/.npmrc
5 silly config load:file:/Users/johanneseder711/.npmrc
6 silly config load:file:/opt/homebrew/etc/npmrc
7 verbose title npm install react-burger-menu
8 verbose argv "install" "react-burger-menu"
9 verbose logfile logs-max:10 dir:/Users/johanneseder711/Documents/ugk_website/unlimited-goalkeeping/.npm-cache/_logs/2026-01-20T20_57_58_045Z-
10 verbose logfile /Users/johanneseder711/Documents/ugk_website/unlimited-goalkeeping/.npm-cache/_logs/2026-01-20T20_57_58_045Z-debug-0.log
11 silly logfile done cleaning log files
12 silly packumentCache heap:4496293888 maxSize:1124073472 maxEntrySize:562036736
13 silly idealTree buildDeps
14 silly fetch manifest react-burger-menu@*
15 silly packumentCache full:https://registry.npmjs.org/react-burger-menu cache-miss
16 http fetch GET 200 https://registry.npmjs.org/react-burger-menu 1200ms (cache miss)
17 silly packumentCache full:https://registry.npmjs.org/react-burger-menu set size:undefined disposed:false
18 silly fetch manifest react@19.2.3
19 silly packumentCache full:https://registry.npmjs.org/react cache-miss
20 http fetch GET 200 https://registry.npmjs.org/react 1154ms (cache miss)
21 silly packumentCache full:https://registry.npmjs.org/react set size:undefined disposed:false
22 silly fetch manifest react-dom@19.2.3
23 silly packumentCache full:https://registry.npmjs.org/react-dom cache-miss
24 http fetch GET 200 https://registry.npmjs.org/react-dom 514ms (cache miss)
25 silly packumentCache full:https://registry.npmjs.org/react-dom set size:undefined disposed:false
26 silly placeDep ROOT react-burger-menu@3.1.0 OK for: unlimited-goalkeeping@0.1.0 want: *
27 silly fetch manifest browserify-optional@^1.0.0
28 silly packumentCache full:https://registry.npmjs.org/browserify-optional cache-miss
29 silly fetch manifest classnames@^2.2.6
30 silly packumentCache full:https://registry.npmjs.org/classnames cache-miss
31 silly fetch manifest eve@~0.5.1
32 silly packumentCache full:https://registry.npmjs.org/eve cache-miss
33 silly fetch manifest snapsvg-cjs@0.0.6
34 silly packumentCache full:https://registry.npmjs.org/snapsvg-cjs cache-miss
35 http fetch GET 200 https://registry.npmjs.org/browserify-optional 502ms (cache miss)
36 silly packumentCache full:https://registry.npmjs.org/browserify-optional set size:undefined disposed:false
37 http fetch GET 200 https://registry.npmjs.org/classnames 1206ms (cache miss)
38 silly packumentCache full:https://registry.npmjs.org/classnames set size:undefined disposed:false
39 http fetch GET 200 https://registry.npmjs.org/eve 1405ms (cache miss)
40 silly packumentCache full:https://registry.npmjs.org/eve set size:undefined disposed:false
41 http fetch GET 200 https://registry.npmjs.org/snapsvg-cjs 1498ms (cache miss)
42 silly packumentCache full:https://registry.npmjs.org/snapsvg-cjs set size:undefined disposed:false
43 silly placeDep ROOT browserify-optional@1.0.1 OK for: react-burger-menu@3.1.0 want: ^1.0.0
44 silly placeDep ROOT classnames@2.5.1 OK for: react-burger-menu@3.1.0 want: ^2.2.6
45 silly placeDep ROOT eve@0.5.4 OK for: react-burger-menu@3.1.0 want: ~0.5.1
46 silly placeDep ROOT snapsvg-cjs@0.0.6 OK for: react-burger-menu@3.1.0 want: 0.0.6
47 silly fetch manifest ast-transform@0.0.0
48 silly packumentCache full:https://registry.npmjs.org/ast-transform cache-miss
49 silly fetch manifest ast-types@^0.7.0
50 silly packumentCache full:https://registry.npmjs.org/ast-types cache-miss
51 silly fetch manifest browser-resolve@^1.8.1
52 silly packumentCache full:https://registry.npmjs.org/browser-resolve cache-miss
53 silly fetch manifest snapsvg@0.5.1
54 silly packumentCache full:https://registry.npmjs.org/snapsvg cache-miss
55 http fetch GET 200 https://registry.npmjs.org/ast-types 327ms (cache miss)
56 silly packumentCache full:https://registry.npmjs.org/ast-types set size:undefined disposed:false
57 http fetch GET 200 https://registry.npmjs.org/ast-transform 523ms (cache miss)
58 silly packumentCache full:https://registry.npmjs.org/ast-transform set size:undefined disposed:false
59 http fetch GET 200 https://registry.npmjs.org/snapsvg 523ms (cache miss)
60 silly packumentCache full:https://registry.npmjs.org/snapsvg set size:undefined disposed:false
61 http fetch GET 200 https://registry.npmjs.org/browser-resolve 524ms (cache miss)
62 silly packumentCache full:https://registry.npmjs.org/browser-resolve set size:undefined disposed:false
63 silly placeDep ROOT ast-transform@0.0.0 OK for: browserify-optional@1.0.1 want: 0.0.0
64 silly placeDep ROOT ast-types@0.7.8 OK for: browserify-optional@1.0.1 want: ^0.7.0
65 silly placeDep ROOT browser-resolve@1.11.3 OK for: browserify-optional@1.0.1 want: ^1.8.1
66 silly fetch manifest through@~2.3.4
67 silly packumentCache full:https://registry.npmjs.org/through cache-miss
68 silly fetch manifest esprima@~1.0.4
69 silly packumentCache full:https://registry.npmjs.org/esprima cache-miss
70 silly fetch manifest escodegen@~1.2.0
71 silly packumentCache full:https://registry.npmjs.org/escodegen cache-miss
72 silly fetch manifest resolve@1.1.7
73 silly packumentCache full:https://registry.npmjs.org/resolve cache-miss
74 http fetch GET 200 https://registry.npmjs.org/through 411ms (cache miss)
75 silly packumentCache full:https://registry.npmjs.org/through set size:undefined disposed:false
76 http fetch GET 200 https://registry.npmjs.org/esprima 411ms (cache miss)
77 silly packumentCache full:https://registry.npmjs.org/esprima set size:undefined disposed:false
78 http fetch GET 200 https://registry.npmjs.org/resolve 415ms (cache miss)
79 silly packumentCache full:https://registry.npmjs.org/resolve set size:undefined disposed:false
80 http fetch GET 200 https://registry.npmjs.org/escodegen 419ms (cache miss)
81 silly packumentCache full:https://registry.npmjs.org/escodegen set size:undefined disposed:false
82 silly placeDep ROOT escodegen@1.2.0 OK for: ast-transform@0.0.0 want: ~1.2.0
83 silly placeDep ROOT esprima@1.0.4 OK for: ast-transform@0.0.0 want: ~1.0.4
84 silly placeDep ROOT through@2.3.8 OK for: ast-transform@0.0.0 want: ~2.3.4
85 silly fetch manifest estraverse@~1.5.0
86 silly packumentCache full:https://registry.npmjs.org/estraverse cache-miss
87 silly fetch manifest esutils@~1.0.0
88 silly packumentCache full:https://registry.npmjs.org/esutils cache-miss
89 silly fetch manifest source-map@~0.1.30
90 silly packumentCache full:https://registry.npmjs.org/source-map cache-miss
91 http fetch GET 200 https://registry.npmjs.org/estraverse 422ms (cache miss)
92 silly packumentCache full:https://registry.npmjs.org/estraverse set size:undefined disposed:false
93 http fetch GET 200 https://registry.npmjs.org/esutils 425ms (cache miss)
94 silly packumentCache full:https://registry.npmjs.org/esutils set size:undefined disposed:false
95 http fetch GET 200 https://registry.npmjs.org/source-map 425ms (cache miss)
96 silly packumentCache full:https://registry.npmjs.org/source-map set size:undefined disposed:false
97 silly placeDep node_modules/browser-resolve resolve@1.1.7 OK for: browser-resolve@1.11.3 want: 1.1.7
98 silly placeDep node_modules/escodegen estraverse@1.5.1 OK for: escodegen@1.2.0 want: ~1.5.0
99 silly placeDep node_modules/escodegen esutils@1.0.0 OK for: escodegen@1.2.0 want: ~1.0.0
100 silly placeDep ROOT source-map@0.1.43 OK for: escodegen@1.2.0 want: ~0.1.30
101 silly fetch manifest amdefine@>=0.0.4
102 silly packumentCache full:https://registry.npmjs.org/amdefine cache-miss
103 http fetch GET 200 https://registry.npmjs.org/amdefine 527ms (cache miss)
104 silly packumentCache full:https://registry.npmjs.org/amdefine set size:undefined disposed:false
105 silly placeDep ROOT snapsvg@0.5.1 OK for: snapsvg-cjs@0.0.6 want: 0.5.1
106 silly placeDep ROOT amdefine@1.0.1 OK for: source-map@0.1.43 want: >=0.0.4
107 silly reify moves {}
108 silly audit bulk request {
108 silly audit   '@alloc/quick-lru': [ '5.2.0' ],
108 silly audit   '@babel/code-frame': [ '7.27.1' ],
108 silly audit   '@babel/compat-data': [ '7.28.5' ],
108 silly audit   '@babel/core': [ '7.28.5' ],
108 silly audit   '@babel/generator': [ '7.28.5' ],
108 silly audit   '@babel/helper-compilation-targets': [ '7.27.2' ],
108 silly audit   '@babel/helper-globals': [ '7.28.0' ],
108 silly audit   '@babel/helper-module-imports': [ '7.27.1' ],
108 silly audit   '@babel/helper-module-transforms': [ '7.28.3' ],
108 silly audit   '@babel/helper-string-parser': [ '7.27.1' ],
108 silly audit   '@babel/helper-validator-identifier': [ '7.28.5' ],
108 silly audit   '@babel/helper-validator-option': [ '7.27.1' ],
108 silly audit   '@babel/helpers': [ '7.28.4' ],
108 silly audit   '@babel/parser': [ '7.28.5' ],
108 silly audit   '@babel/template': [ '7.27.2' ],
108 silly audit   '@babel/traverse': [ '7.28.5' ],
108 silly audit   '@babel/types': [ '7.28.5' ],
108 silly audit   '@emnapi/core': [ '1.8.1' ],
108 silly audit   '@emnapi/runtime': [ '1.8.1' ],
108 silly audit   '@emnapi/wasi-threads': [ '1.1.0' ],
108 silly audit   '@eslint-community/eslint-utils': [ '4.9.1' ],
108 silly audit   'eslint-visitor-keys': [ '3.4.3', '4.2.1' ],
108 silly audit   '@eslint-community/regexpp': [ '4.12.2' ],
108 silly audit   '@eslint/config-array': [ '0.21.1' ],
108 silly audit   '@eslint/config-helpers': [ '0.4.2' ],
108 silly audit   '@eslint/core': [ '0.17.0' ],
108 silly audit   '@eslint/eslintrc': [ '3.3.3' ],
108 silly audit   '@eslint/js': [ '9.39.2' ],
108 silly audit   '@eslint/object-schema': [ '2.1.7' ],
108 silly audit   '@eslint/plugin-kit': [ '0.4.1' ],
108 silly audit   '@humanfs/core': [ '0.19.1' ],
108 silly audit   '@humanfs/node': [ '0.16.7' ],
108 silly audit   '@humanwhocodes/module-importer': [ '1.0.1' ],
108 silly audit   '@humanwhocodes/retry': [ '0.4.3' ],
108 silly audit   '@img/colour': [ '1.0.0' ],
108 silly audit   '@img/sharp-darwin-arm64': [ '0.34.5' ],
108 silly audit   '@img/sharp-darwin-x64': [ '0.34.5' ],
108 silly audit   '@img/sharp-libvips-darwin-arm64': [ '1.2.4' ],
108 silly audit   '@img/sharp-libvips-darwin-x64': [ '1.2.4' ],
108 silly audit   '@img/sharp-libvips-linux-arm': [ '1.2.4' ],
108 silly audit   '@img/sharp-libvips-linux-arm64': [ '1.2.4' ],
108 silly audit   '@img/sharp-libvips-linux-ppc64': [ '1.2.4' ],
108 silly audit   '@img/sharp-libvips-linux-riscv64': [ '1.2.4' ],
108 silly audit   '@img/sharp-libvips-linux-s390x': [ '1.2.4' ],
108 silly audit   '@img/sharp-libvips-linux-x64': [ '1.2.4' ],
108 silly audit   '@img/sharp-libvips-linuxmusl-arm64': [ '1.2.4' ],
108 silly audit   '@img/sharp-libvips-linuxmusl-x64': [ '1.2.4' ],
108 silly audit   '@img/sharp-linux-arm': [ '0.34.5' ],
108 silly audit   '@img/sharp-linux-arm64': [ '0.34.5' ],
108 silly audit   '@img/sharp-linux-ppc64': [ '0.34.5' ],
108 silly audit   '@img/sharp-linux-riscv64': [ '0.34.5' ],
108 silly audit   '@img/sharp-linux-s390x': [ '0.34.5' ],
108 silly audit   '@img/sharp-linux-x64': [ '0.34.5' ],
108 silly audit   '@img/sharp-linuxmusl-arm64': [ '0.34.5' ],
108 silly audit   '@img/sharp-linuxmusl-x64': [ '0.34.5' ],
108 silly audit   '@img/sharp-wasm32': [ '0.34.5' ],
108 silly audit   '@img/sharp-win32-arm64': [ '0.34.5' ],
108 silly audit   '@img/sharp-win32-ia32': [ '0.34.5' ],
108 silly audit   '@img/sharp-win32-x64': [ '0.34.5' ],
108 silly audit   '@jridgewell/gen-mapping': [ '0.3.13' ],
108 silly audit   '@jridgewell/remapping': [ '2.3.5' ],
108 silly audit   '@jridgewell/resolve-uri': [ '3.1.2' ],
108 silly audit   '@jridgewell/sourcemap-codec': [ '1.5.5' ],
108 silly audit   '@jridgewell/trace-mapping': [ '0.3.31' ],
108 silly audit   '@napi-rs/wasm-runtime': [ '0.2.12' ],
108 silly audit   '@next/env': [ '16.1.1' ],
108 silly audit   '@next/eslint-plugin-next': [ '16.1.1' ],
108 silly audit   '@next/swc-darwin-arm64': [ '16.1.1' ],
108 silly audit   '@next/swc-darwin-x64': [ '16.1.1' ],
108 silly audit   '@next/swc-linux-arm64-gnu': [ '16.1.1' ],
108 silly audit   '@next/swc-linux-arm64-musl': [ '16.1.1' ],
108 silly audit   '@next/swc-linux-x64-gnu': [ '16.1.1' ],
108 silly audit   '@next/swc-linux-x64-musl': [ '16.1.1' ],
108 silly audit   '@next/swc-win32-arm64-msvc': [ '16.1.1' ],
108 silly audit   '@next/swc-win32-x64-msvc': [ '16.1.1' ],
108 silly audit   '@nodelib/fs.scandir': [ '2.1.5' ],
108 silly audit   '@nodelib/fs.stat': [ '2.0.5' ],
108 silly audit   '@nodelib/fs.walk': [ '1.2.8' ],
108 silly audit   '@nolyfill/is-core-module': [ '1.0.39' ],
108 silly audit   '@rtsao/scc': [ '1.1.0' ],
108 silly audit   '@supabase/auth-helpers-nextjs': [ '0.15.0' ],
108 silly audit   '@supabase/auth-js': [ '2.90.1' ],
108 silly audit   '@supabase/functions-js': [ '2.90.1' ],
108 silly audit   '@supabase/postgrest-js': [ '2.90.1' ],
108 silly audit   '@supabase/realtime-js': [ '2.90.1' ],
108 silly audit   '@supabase/ssr': [ '0.8.0' ],
108 silly audit   '@supabase/storage-js': [ '2.90.1' ],
108 silly audit   '@supabase/supabase-js': [ '2.90.1' ],
108 silly audit   '@swc/helpers': [ '0.5.15' ],
108 silly audit   '@tailwindcss/node': [ '4.1.18' ],
108 silly audit   '@tailwindcss/oxide': [ '4.1.18' ],
108 silly audit   '@tailwindcss/oxide-android-arm64': [ '4.1.18' ],
108 silly audit   '@tailwindcss/oxide-darwin-arm64': [ '4.1.18' ],
108 silly audit   '@tailwindcss/oxide-darwin-x64': [ '4.1.18' ],
108 silly audit   '@tailwindcss/oxide-freebsd-x64': [ '4.1.18' ],
108 silly audit   '@tailwindcss/oxide-linux-arm-gnueabihf': [ '4.1.18' ],
108 silly audit   '@tailwindcss/oxide-linux-arm64-gnu': [ '4.1.18' ],
108 silly audit   '@tailwindcss/oxide-linux-arm64-musl': [ '4.1.18' ],
108 silly audit   '@tailwindcss/oxide-linux-x64-gnu': [ '4.1.18' ],
108 silly audit   '@tailwindcss/oxide-linux-x64-musl': [ '4.1.18' ],
108 silly audit   '@tailwindcss/oxide-wasm32-wasi': [ '4.1.18' ],
108 silly audit   '@tailwindcss/oxide-win32-arm64-msvc': [ '4.1.18' ],
108 silly audit   '@tailwindcss/oxide-win32-x64-msvc': [ '4.1.18' ],
108 silly audit   '@tailwindcss/postcss': [ '4.1.18' ],
108 silly audit   '@tybys/wasm-util': [ '0.10.1' ],
108 silly audit   '@types/estree': [ '1.0.8' ],
108 silly audit   '@types/json-schema': [ '7.0.15' ],
108 silly audit   '@types/json5': [ '0.0.29' ],
108 silly audit   '@types/node': [ '20.19.28' ],
108 silly audit   '@types/phoenix': [ '1.6.7' ],
108 silly audit   '@types/react': [ '19.2.8' ],
108 silly audit   '@types/react-dom': [ '19.2.3' ],
108 silly audit   '@types/ws': [ '8.18.1' ],
108 silly audit   '@typescript-eslint/eslint-plugin': [ '8.52.0' ],
108 silly audit   ignore: [ '7.0.5', '5.3.2' ],
108 silly audit   '@typescript-eslint/parser': [ '8.52.0' ],
108 silly audit   '@typescript-eslint/project-service': [ '8.52.0' ],
108 silly audit   '@typescript-eslint/scope-manager': [ '8.52.0' ],
108 silly audit   '@typescript-eslint/tsconfig-utils': [ '8.52.0' ],
108 silly audit   '@typescript-eslint/type-utils': [ '8.52.0' ],
108 silly audit   '@typescript-eslint/types': [ '8.52.0' ],
108 silly audit   '@typescript-eslint/typescript-estree': [ '8.52.0' ],
108 silly audit   'brace-expansion': [ '2.0.2', '1.1.12' ],
108 silly audit   minimatch: [ '9.0.5', '3.1.2' ],
108 silly audit   semver: [ '7.7.3', '6.3.1' ],
108 silly audit   '@typescript-eslint/utils': [ '8.52.0' ],
108 silly audit   '@typescript-eslint/visitor-keys': [ '8.52.0' ],
108 silly audit   '@unrs/resolver-binding-android-arm-eabi': [ '1.11.1' ],
108 silly audit   '@unrs/resolver-binding-android-arm64': [ '1.11.1' ],
108 silly audit   '@unrs/resolver-binding-darwin-arm64': [ '1.11.1' ],
108 silly audit   '@unrs/resolver-binding-darwin-x64': [ '1.11.1' ],
108 silly audit   '@unrs/resolver-binding-freebsd-x64': [ '1.11.1' ],
108 silly audit   '@unrs/resolver-binding-linux-arm-gnueabihf': [ '1.11.1' ],
108 silly audit   '@unrs/resolver-binding-linux-arm-musleabihf': [ '1.11.1' ],
108 silly audit   '@unrs/resolver-binding-linux-arm64-gnu': [ '1.11.1' ],
108 silly audit   '@unrs/resolver-binding-linux-arm64-musl': [ '1.11.1' ],
108 silly audit   '@unrs/resolver-binding-linux-ppc64-gnu': [ '1.11.1' ],
108 silly audit   '@unrs/resolver-binding-linux-riscv64-gnu': [ '1.11.1' ],
108 silly audit   '@unrs/resolver-binding-linux-riscv64-musl': [ '1.11.1' ],
108 silly audit   '@unrs/resolver-binding-linux-s390x-gnu': [ '1.11.1' ],
108 silly audit   '@unrs/resolver-binding-linux-x64-gnu': [ '1.11.1' ],
108 silly audit   '@unrs/resolver-binding-linux-x64-musl': [ '1.11.1' ],
108 silly audit   '@unrs/resolver-binding-wasm32-wasi': [ '1.11.1' ],
108 silly audit   '@unrs/resolver-binding-win32-arm64-msvc': [ '1.11.1' ],
108 silly audit   '@unrs/resolver-binding-win32-ia32-msvc': [ '1.11.1' ],
108 silly audit   '@unrs/resolver-binding-win32-x64-msvc': [ '1.11.1' ],
108 silly audit   acorn: [ '8.15.0' ],
108 silly audit   'acorn-jsx': [ '5.3.2' ],
108 silly audit   ajv: [ '6.12.6' ],
108 silly audit   'ansi-styles': [ '4.3.0' ],
108 silly audit   argparse: [ '2.0.1' ],
108 silly audit   'aria-query': [ '5.3.2' ],
108 silly audit   'array-buffer-byte-length': [ '1.0.2' ],
108 silly audit   'array-includes': [ '3.1.9' ],
108 silly audit   'array.prototype.findlast': [ '1.2.5' ],
108 silly audit   'array.prototype.findlastindex': [ '1.2.6' ],
108 silly audit   'array.prototype.flat': [ '1.3.3' ],
108 silly audit   'array.prototype.flatmap': [ '1.3.3' ],
108 silly audit   'array.prototype.tosorted': [ '1.1.4' ],
108 silly audit   'arraybuffer.prototype.slice': [ '1.0.4' ],
108 silly audit   'ast-types-flow': [ '0.0.8' ],
108 silly audit   'async-function': [ '1.0.0' ],
108 silly audit   'available-typed-arrays': [ '1.0.7' ],
108 silly audit   'axe-core': [ '4.11.1' ],
108 silly audit   'axobject-query': [ '4.1.0' ],
108 silly audit   'balanced-match': [ '1.0.2' ],
108 silly audit   'baseline-browser-mapping': [ '2.9.14' ],
108 silly audit   braces: [ '3.0.3' ],
108 silly audit   browserslist: [ '4.28.1' ],
108 silly audit   'call-bind': [ '1.0.8' ],
108 silly audit   'call-bind-apply-helpers': [ '1.0.2' ],
108 silly audit   'call-bound': [ '1.0.4' ],
108 silly audit   callsites: [ '3.1.0' ],
108 silly audit   'caniuse-lite': [ '1.0.30001764' ],
108 silly audit   chalk: [ '4.1.2' ],
108 silly audit   'client-only': [ '0.0.1' ],
108 silly audit   'color-convert': [ '2.0.1' ],
108 silly audit   'color-name': [ '1.1.4' ],
108 silly audit   'concat-map': [ '0.0.1' ],
108 silly audit   'convert-source-map': [ '2.0.0' ],
108 silly audit   cookie: [ '1.1.1' ],
108 silly audit   'cross-spawn': [ '7.0.6' ],
108 silly audit   csstype: [ '3.2.3' ],
108 silly audit   'damerau-levenshtein': [ '1.0.8' ],
108 silly audit   'data-view-buffer': [ '1.0.2' ],
108 silly audit   'data-view-byte-length': [ '1.0.2' ],
108 silly audit   'data-view-byte-offset': [ '1.0.1' ],
108 silly audit   debug: [ '4.4.3', '3.2.7' ],
108 silly audit   'deep-is': [ '0.1.4' ],
108 silly audit   'define-data-property': [ '1.1.4' ],
108 silly audit   'define-properties': [ '1.2.1' ],
108 silly audit   'detect-libc': [ '2.1.2' ],
108 silly audit   doctrine: [ '2.1.0' ],
108 silly audit   'dunder-proto': [ '1.0.1' ],
108 silly audit   'electron-to-chromium': [ '1.5.267' ],
108 silly audit   'emoji-regex': [ '9.2.2' ],
108 silly audit   'enhanced-resolve': [ '5.18.4' ],
108 silly audit   'es-abstract': [ '1.24.1' ],
108 silly audit   'es-define-property': [ '1.0.1' ],
108 silly audit   'es-errors': [ '1.3.0' ],
108 silly audit   'es-iterator-helpers': [ '1.2.2' ],
108 silly audit   'es-object-atoms': [ '1.1.1' ],
108 silly audit   'es-set-tostringtag': [ '2.1.0' ],
108 silly audit   'es-shim-unscopables': [ '1.1.0' ],
108 silly audit   'es-to-primitive': [ '1.3.0' ],
108 silly audit   escalade: [ '3.2.0' ],
108 silly audit   'escape-string-regexp': [ '4.0.0' ],
108 silly audit   eslint: [ '9.39.2' ],
108 silly audit   'eslint-config-next': [ '16.1.1' ],
108 silly audit   globals: [ '16.4.0', '14.0.0' ],
108 silly audit   'eslint-import-resolver-node': [ '0.3.9' ],
108 silly audit   'eslint-import-resolver-typescript': [ '3.10.1' ],
108 silly audit   'eslint-module-utils': [ '2.12.1' ],
108 silly audit   'eslint-plugin-import': [ '2.32.0' ],
108 silly audit   'eslint-plugin-jsx-a11y': [ '6.10.2' ],
108 silly audit   'eslint-plugin-react': [ '7.37.5' ],
108 silly audit   'eslint-plugin-react-hooks': [ '7.0.1' ],
108 silly audit   resolve: [ '2.0.0-next.5', '1.22.11', '1.1.7' ],
108 silly audit   'eslint-scope': [ '8.4.0' ],
108 silly audit   espree: [ '10.4.0' ],
108 silly audit   esquery: [ '1.7.0' ],
108 silly audit   esrecurse: [ '4.3.0' ],
108 silly audit   estraverse: [ '5.3.0', '1.5.1' ],
108 silly audit   esutils: [ '2.0.3', '1.0.0' ],
108 silly audit   'fast-deep-equal': [ '3.1.3' ],
108 silly audit   'fast-glob': [ '3.3.1' ],
108 silly audit   'glob-parent': [ '5.1.2', '6.0.2' ],
108 silly audit   'fast-json-stable-stringify': [ '2.1.0' ],
108 silly audit   'fast-levenshtein': [ '2.0.6' ],
108 silly audit   fastq: [ '1.20.1' ],
108 silly audit   'file-entry-cache': [ '8.0.0' ],
108 silly audit   'fill-range': [ '7.1.1' ],
108 silly audit   'find-up': [ '5.0.0' ],
108 silly audit   'flat-cache': [ '4.0.1' ],
108 silly audit   flatted: [ '3.3.3' ],
108 silly audit   'for-each': [ '0.3.5' ],
108 silly audit   'function-bind': [ '1.1.2' ],
108 silly audit   'function.prototype.name': [ '1.1.8' ],
108 silly audit   'functions-have-names': [ '1.2.3' ],
108 silly audit   'generator-function': [ '2.0.1' ],
108 silly audit   gensync: [ '1.0.0-beta.2' ],
108 silly audit   'get-intrinsic': [ '1.3.0' ],
108 silly audit   'get-proto': [ '1.0.1' ],
108 silly audit   'get-symbol-description': [ '1.1.0' ],
108 silly audit   'get-tsconfig': [ '4.13.0' ],
108 silly audit   globalthis: [ '1.0.4' ],
108 silly audit   gopd: [ '1.2.0' ],
108 silly audit   'graceful-fs': [ '4.2.11' ],
108 silly audit   'has-bigints': [ '1.1.0' ],
108 silly audit   'has-flag': [ '4.0.0' ],
108 silly audit   'has-property-descriptors': [ '1.0.2' ],
108 silly audit   'has-proto': [ '1.2.0' ],
108 silly audit   'has-symbols': [ '1.1.0' ],
108 silly audit   'has-tostringtag': [ '1.0.2' ],
108 silly audit   hasown: [ '2.0.2' ],
108 silly audit   'hermes-estree': [ '0.25.1' ],
108 silly audit   'hermes-parser': [ '0.25.1' ],
108 silly audit   'iceberg-js': [ '0.8.1' ],
108 silly audit   'import-fresh': [ '3.3.1' ],
108 silly audit   imurmurhash: [ '0.1.4' ],
108 silly audit   'internal-slot': [ '1.1.0' ],
108 silly audit   'is-array-buffer': [ '3.0.5' ],
108 silly audit   'is-async-function': [ '2.1.1' ],
108 silly audit   'is-bigint': [ '1.1.0' ],
108 silly audit   'is-boolean-object': [ '1.2.2' ],
108 silly audit   'is-bun-module': [ '2.0.0' ],
108 silly audit   'is-callable': [ '1.2.7' ],
108 silly audit   'is-core-module': [ '2.16.1' ],
108 silly audit   'is-data-view': [ '1.0.2' ],
108 silly audit   'is-date-object': [ '1.1.0' ],
108 silly audit   'is-extglob': [ '2.1.1' ],
108 silly audit   'is-finalizationregistry': [ '1.1.1' ],
108 silly audit   'is-generator-function': [ '1.1.2' ],
108 silly audit   'is-glob': [ '4.0.3' ],
108 silly audit   'is-map': [ '2.0.3' ],
108 silly audit   'is-negative-zero': [ '2.0.3' ],
108 silly audit   'is-number': [ '7.0.0' ],
108 silly audit   'is-number-object': [ '1.1.1' ],
108 silly audit   'is-regex': [ '1.2.1' ],
108 silly audit   'is-set': [ '2.0.3' ],
108 silly audit   'is-shared-array-buffer': [ '1.0.4' ],
108 silly audit   'is-string': [ '1.1.1' ],
108 silly audit   'is-symbol': [ '1.1.1' ],
108 silly audit   'is-typed-array': [ '1.1.15' ],
108 silly audit   'is-weakmap': [ '2.0.2' ],
108 silly audit   'is-weakref': [ '1.1.1' ],
108 silly audit   'is-weakset': [ '2.0.4' ],
108 silly audit   isarray: [ '2.0.5' ],
108 silly audit   isexe: [ '2.0.0' ],
108 silly audit   'iterator.prototype': [ '1.1.5' ],
108 silly audit   jiti: [ '2.6.1' ],
108 silly audit   'js-tokens': [ '4.0.0' ],
108 silly audit   'js-yaml': [ '4.1.1' ],
108 silly audit   jsesc: [ '3.1.0' ],
108 silly audit   'json-buffer': [ '3.0.1' ],
108 silly audit   'json-schema-traverse': [ '0.4.1' ],
108 silly audit   'json-stable-stringify-without-jsonify': [ '1.0.1' ],
108 silly audit   json5: [ '2.2.3', '1.0.2' ],
108 silly audit   'jsx-ast-utils': [ '3.3.5' ],
108 silly audit   keyv: [ '4.5.4' ],
108 silly audit   'language-subtag-registry': [ '0.3.23' ],
108 silly audit   'language-tags': [ '1.0.9' ],
108 silly audit   levn: [ '0.4.1' ],
108 silly audit   lightningcss: [ '1.30.2' ],
108 silly audit   'lightningcss-android-arm64': [ '1.30.2' ],
108 silly audit   'lightningcss-darwin-arm64': [ '1.30.2' ],
108 silly audit   'lightningcss-darwin-x64': [ '1.30.2' ],
108 silly audit   'lightningcss-freebsd-x64': [ '1.30.2' ],
108 silly audit   'lightningcss-linux-arm-gnueabihf': [ '1.30.2' ],
108 silly audit   'lightningcss-linux-arm64-gnu': [ '1.30.2' ],
108 silly audit   'lightningcss-linux-arm64-musl': [ '1.30.2' ],
108 silly audit   'lightningcss-linux-x64-gnu': [ '1.30.2' ],
108 silly audit   'lightningcss-linux-x64-musl': [ '1.30.2' ],
108 silly audit   'lightningcss-win32-arm64-msvc': [ '1.30.2' ],
108 silly audit   'lightningcss-win32-x64-msvc': [ '1.30.2' ],
108 silly audit   'locate-path': [ '6.0.0' ],
108 silly audit   'lodash.merge': [ '4.6.2' ],
108 silly audit   'loose-envify': [ '1.4.0' ],
108 silly audit   'lru-cache': [ '5.1.1' ],
108 silly audit   'magic-string': [ '0.30.21' ],
108 silly audit   'math-intrinsics': [ '1.1.0' ],
108 silly audit   merge2: [ '1.4.1' ],
108 silly audit   micromatch: [ '4.0.8' ],
108 silly audit   minimist: [ '1.2.8' ],
108 silly audit   ms: [ '2.1.3' ],
108 silly audit   nanoid: [ '3.3.11' ],
108 silly audit   'napi-postinstall': [ '0.3.4' ],
108 silly audit   'natural-compare': [ '1.4.0' ],
108 silly audit   next: [ '16.1.1' ],
108 silly audit   postcss: [ '8.4.31', '8.5.6' ],
108 silly audit   'node-releases': [ '2.0.27' ],
108 silly audit   'object-assign': [ '4.1.1' ],
108 silly audit   'object-inspect': [ '1.13.4' ],
108 silly audit   'object-keys': [ '1.1.1' ],
108 silly audit   'object.assign': [ '4.1.7' ],
108 silly audit   'object.entries': [ '1.1.9' ],
108 silly audit   'object.fromentries': [ '2.0.8' ],
108 silly audit   'object.groupby': [ '1.0.3' ],
108 silly audit   'object.values': [ '1.2.1' ],
108 silly audit   optionator: [ '0.9.4' ],
108 silly audit   'own-keys': [ '1.0.1' ],
108 silly audit   'p-limit': [ '3.1.0' ],
108 silly audit   'p-locate': [ '5.0.0' ],
108 silly audit   'parent-module': [ '1.0.1' ],
108 silly audit   'path-exists': [ '4.0.0' ],
108 silly audit   'path-key': [ '3.1.1' ],
108 silly audit   'path-parse': [ '1.0.7' ],
108 silly audit   picocolors: [ '1.1.1' ],
108 silly audit   picomatch: [ '2.3.1', '4.0.3' ],
108 silly audit   'possible-typed-array-names': [ '1.1.0' ],
108 silly audit   'prelude-ls': [ '1.2.1' ],
108 silly audit   'prop-types': [ '15.8.1' ],
108 silly audit   punycode: [ '2.3.1' ],
108 silly audit   'queue-microtask': [ '1.2.3' ],
108 silly audit   react: [ '19.2.3' ],
108 silly audit   'react-dom': [ '19.2.3' ],
108 silly audit   'react-is': [ '16.13.1' ],
108 silly audit   'reflect.getprototypeof': [ '1.0.10' ],
108 silly audit   'regexp.prototype.flags': [ '1.5.4' ],
108 silly audit   'resolve-from': [ '4.0.0' ],
108 silly audit   'resolve-pkg-maps': [ '1.0.0' ],
108 silly audit   reusify: [ '1.1.0' ],
108 silly audit   'run-parallel': [ '1.2.0' ],
108 silly audit   'safe-array-concat': [ '1.1.3' ],
108 silly audit   'safe-push-apply': [ '1.0.0' ],
108 silly audit   'safe-regex-test': [ '1.1.0' ],
108 silly audit   scheduler: [ '0.27.0' ],
108 silly audit   'set-function-length': [ '1.2.2' ],
108 silly audit   'set-function-name': [ '2.0.2' ],
108 silly audit   'set-proto': [ '1.0.0' ],
108 silly audit   sharp: [ '0.34.5' ],
108 silly audit   'shebang-command': [ '2.0.0' ],
108 silly audit   'shebang-regex': [ '3.0.0' ],
108 silly audit   'side-channel': [ '1.1.0' ],
108 silly audit   'side-channel-list': [ '1.0.0' ],
108 silly audit   'side-channel-map': [ '1.0.1' ],
108 silly audit   'side-channel-weakmap': [ '1.0.2' ],
108 silly audit   'source-map-js': [ '1.2.1' ],
108 silly audit   'stable-hash': [ '0.0.5' ],
108 silly audit   'stop-iteration-iterator': [ '1.1.0' ],
108 silly audit   'string.prototype.includes': [ '2.0.1' ],
108 silly audit   'string.prototype.matchall': [ '4.0.12' ],
108 silly audit   'string.prototype.repeat': [ '1.0.0' ],
108 silly audit   'string.prototype.trim': [ '1.2.10' ],
108 silly audit   'string.prototype.trimend': [ '1.0.9' ],
108 silly audit   'string.prototype.trimstart': [ '1.0.8' ],
108 silly audit   'strip-bom': [ '3.0.0' ],
108 silly audit   'strip-json-comments': [ '3.1.1' ],
108 silly audit   'styled-jsx': [ '5.1.6' ],
108 silly audit   'supports-color': [ '7.2.0' ],
108 silly audit   'supports-preserve-symlinks-flag': [ '1.0.0' ],
108 silly audit   tailwindcss: [ '4.1.18' ],
108 silly audit   tapable: [ '2.3.0' ],
108 silly audit   tinyglobby: [ '0.2.15' ],
108 silly audit   fdir: [ '6.5.0' ],
108 silly audit   'to-regex-range': [ '5.0.1' ],
108 silly audit   'ts-api-utils': [ '2.4.0' ],
108 silly audit   'tsconfig-paths': [ '3.15.0' ],
108 silly audit   tslib: [ '2.8.1' ],
108 silly audit   'type-check': [ '0.4.0' ],
108 silly audit   'typed-array-buffer': [ '1.0.3' ],
108 silly audit   'typed-array-byte-length': [ '1.0.3' ],
108 silly audit   'typed-array-byte-offset': [ '1.0.4' ],
108 silly audit   'typed-array-length': [ '1.0.7' ],
108 silly audit   typescript: [ '5.9.3' ],
108 silly audit   'typescript-eslint': [ '8.52.0' ],
108 silly audit   'unbox-primitive': [ '1.1.0' ],
108 silly audit   'undici-types': [ '6.21.0' ],
108 silly audit   'unrs-resolver': [ '1.11.1' ],
108 silly audit   'update-browserslist-db': [ '1.2.3' ],
108 silly audit   'uri-js': [ '4.4.1' ],
108 silly audit   which: [ '2.0.2' ],
108 silly audit   'which-boxed-primitive': [ '1.1.1' ],
108 silly audit   'which-builtin-type': [ '1.2.1' ],
108 silly audit   'which-collection': [ '1.0.2' ],
108 silly audit   'which-typed-array': [ '1.1.19' ],
108 silly audit   'word-wrap': [ '1.2.5' ],
108 silly audit   ws: [ '8.19.0' ],
108 silly audit   yallist: [ '3.1.1' ],
108 silly audit   'yocto-queue': [ '0.1.0' ],
108 silly audit   zod: [ '4.3.5' ],
108 silly audit   'zod-validation-error': [ '4.0.2' ],
108 silly audit   'react-burger-menu': [ '3.1.0' ],
108 silly audit   'browserify-optional': [ '1.0.1' ],
108 silly audit   classnames: [ '2.5.1' ],
108 silly audit   eve: [ '0.5.4' ],
108 silly audit   'snapsvg-cjs': [ '0.0.6' ],
108 silly audit   'ast-transform': [ '0.0.0' ],
108 silly audit   'ast-types': [ '0.7.8' ],
108 silly audit   'browser-resolve': [ '1.11.3' ],
108 silly audit   escodegen: [ '1.2.0' ],
108 silly audit   esprima: [ '1.0.4' ],
108 silly audit   through: [ '2.3.8' ],
108 silly audit   'source-map': [ '0.1.43' ],
108 silly audit   snapsvg: [ '0.5.1' ],
108 silly audit   amdefine: [ '1.0.1' ]
108 silly audit }
109 http cache snapsvg@https://registry.npmjs.org/snapsvg/-/snapsvg-0.5.1.tgz 0ms (cache hit)
110 http cache source-map@https://registry.npmjs.org/source-map/-/source-map-0.1.43.tgz 0ms (cache hit)
111 http cache escodegen@https://registry.npmjs.org/escodegen/-/escodegen-1.2.0.tgz 0ms (cache hit)
112 http cache amdefine@https://registry.npmjs.org/amdefine/-/amdefine-1.0.1.tgz 0ms (cache hit)
113 http cache through@https://registry.npmjs.org/through/-/through-2.3.8.tgz 0ms (cache hit)
114 http cache esprima@https://registry.npmjs.org/esprima/-/esprima-1.0.4.tgz 0ms (cache hit)
115 http cache browser-resolve@https://registry.npmjs.org/browser-resolve/-/browser-resolve-1.11.3.tgz 0ms (cache hit)
116 http cache ast-types@https://registry.npmjs.org/ast-types/-/ast-types-0.7.8.tgz 0ms (cache hit)
117 http cache ast-transform@https://registry.npmjs.org/ast-transform/-/ast-transform-0.0.0.tgz 0ms (cache hit)
118 http cache snapsvg-cjs@https://registry.npmjs.org/snapsvg-cjs/-/snapsvg-cjs-0.0.6.tgz 0ms (cache hit)
119 http cache eve@https://registry.npmjs.org/eve/-/eve-0.5.4.tgz 0ms (cache hit)
120 http cache classnames@https://registry.npmjs.org/classnames/-/classnames-2.5.1.tgz 0ms (cache hit)
121 http cache react-burger-menu@https://registry.npmjs.org/react-burger-menu/-/react-burger-menu-3.1.0.tgz 0ms (cache hit)
122 http cache browserify-optional@https://registry.npmjs.org/browserify-optional/-/browserify-optional-1.0.1.tgz 0ms (cache hit)
123 http cache estraverse@https://registry.npmjs.org/estraverse/-/estraverse-1.5.1.tgz 0ms (cache hit)
124 http cache esutils@https://registry.npmjs.org/esutils/-/esutils-1.0.0.tgz 0ms (cache hit)
125 http cache resolve@https://registry.npmjs.org/resolve/-/resolve-1.1.7.tgz 0ms (cache hit)
126 silly tarball no local data for snapsvg@https://registry.npmjs.org/snapsvg/-/snapsvg-0.5.1.tgz. Extracting by manifest.
127 silly tarball no local data for source-map@https://registry.npmjs.org/source-map/-/source-map-0.1.43.tgz. Extracting by manifest.
128 silly tarball no local data for escodegen@https://registry.npmjs.org/escodegen/-/escodegen-1.2.0.tgz. Extracting by manifest.
129 silly tarball no local data for amdefine@https://registry.npmjs.org/amdefine/-/amdefine-1.0.1.tgz. Extracting by manifest.
130 silly tarball no local data for through@https://registry.npmjs.org/through/-/through-2.3.8.tgz. Extracting by manifest.
131 silly tarball no local data for esprima@https://registry.npmjs.org/esprima/-/esprima-1.0.4.tgz. Extracting by manifest.
132 silly tarball no local data for browser-resolve@https://registry.npmjs.org/browser-resolve/-/browser-resolve-1.11.3.tgz. Extracting by manifest.
133 silly tarball no local data for ast-types@https://registry.npmjs.org/ast-types/-/ast-types-0.7.8.tgz. Extracting by manifest.
134 silly tarball no local data for ast-transform@https://registry.npmjs.org/ast-transform/-/ast-transform-0.0.0.tgz. Extracting by manifest.
135 silly tarball no local data for snapsvg-cjs@https://registry.npmjs.org/snapsvg-cjs/-/snapsvg-cjs-0.0.6.tgz. Extracting by manifest.
136 silly tarball no local data for eve@https://registry.npmjs.org/eve/-/eve-0.5.4.tgz. Extracting by manifest.
137 silly tarball no local data for classnames@https://registry.npmjs.org/classnames/-/classnames-2.5.1.tgz. Extracting by manifest.
138 silly tarball no local data for react-burger-menu@https://registry.npmjs.org/react-burger-menu/-/react-burger-menu-3.1.0.tgz. Extracting by manifest.
139 silly tarball no local data for browserify-optional@https://registry.npmjs.org/browserify-optional/-/browserify-optional-1.0.1.tgz. Extracting by manifest.
140 silly tarball no local data for estraverse@https://registry.npmjs.org/estraverse/-/estraverse-1.5.1.tgz. Extracting by manifest.
141 silly tarball no local data for esutils@https://registry.npmjs.org/esutils/-/esutils-1.0.0.tgz. Extracting by manifest.
142 silly tarball no local data for resolve@https://registry.npmjs.org/resolve/-/resolve-1.1.7.tgz. Extracting by manifest.
143 http fetch GET 200 https://registry.npmjs.org/source-map/-/source-map-0.1.43.tgz 953ms (cache miss)
144 http fetch GET 200 https://registry.npmjs.org/escodegen/-/escodegen-1.2.0.tgz 959ms (cache miss)
145 http fetch POST 200 https://registry.npmjs.org/-/npm/v1/security/advisories/bulk 1081ms
146 silly audit report {}
147 http fetch GET 200 https://registry.npmjs.org/snapsvg/-/snapsvg-0.5.1.tgz 1580ms (cache miss)
148 http fetch GET 200 https://registry.npmjs.org/estraverse/-/estraverse-1.5.1.tgz 1708ms (cache miss)
149 http fetch GET 200 https://registry.npmjs.org/esutils/-/esutils-1.0.0.tgz 1708ms (cache miss)
150 http fetch GET 200 https://registry.npmjs.org/resolve/-/resolve-1.1.7.tgz 1724ms (cache miss)
151 http fetch GET 200 https://registry.npmjs.org/browser-resolve/-/browser-resolve-1.11.3.tgz 2604ms (cache miss)
152 http fetch GET 200 https://registry.npmjs.org/browserify-optional/-/browserify-optional-1.0.1.tgz 2602ms (cache miss)
153 http fetch GET 200 https://registry.npmjs.org/through/-/through-2.3.8.tgz 2605ms (cache miss)
154 http fetch GET 200 https://registry.npmjs.org/ast-transform/-/ast-transform-0.0.0.tgz 2604ms (cache miss)
155 http fetch GET 200 https://registry.npmjs.org/amdefine/-/amdefine-1.0.1.tgz 2605ms (cache miss)
156 http fetch GET 200 https://registry.npmjs.org/eve/-/eve-0.5.4.tgz 2606ms (cache miss)
157 http fetch GET 200 https://registry.npmjs.org/classnames/-/classnames-2.5.1.tgz 2607ms (cache miss)
158 http fetch GET 200 https://registry.npmjs.org/react-burger-menu/-/react-burger-menu-3.1.0.tgz 2624ms (cache miss)
159 http fetch GET 200 https://registry.npmjs.org/esprima/-/esprima-1.0.4.tgz 2626ms (cache miss)
160 http fetch GET 200 https://registry.npmjs.org/ast-types/-/ast-types-0.7.8.tgz 2628ms (cache miss)
161 http fetch GET 200 https://registry.npmjs.org/snapsvg-cjs/-/snapsvg-cjs-0.0.6.tgz 2628ms (cache miss)
162 silly ADD node_modules/amdefine
163 silly ADD node_modules/snapsvg
164 silly ADD node_modules/source-map
165 silly ADD node_modules/through
166 silly ADD node_modules/esprima
167 silly ADD node_modules/escodegen
168 silly ADD node_modules/escodegen/node_modules/esutils
169 silly ADD node_modules/escodegen/node_modules/estraverse
170 silly ADD node_modules/browser-resolve
171 silly ADD node_modules/browser-resolve/node_modules/resolve
172 silly ADD node_modules/ast-types
173 silly ADD node_modules/ast-transform
174 silly ADD node_modules/snapsvg-cjs
175 silly ADD node_modules/eve
176 silly ADD node_modules/classnames
177 silly ADD node_modules/browserify-optional
178 silly ADD node_modules/react-burger-menu
179 verbose cwd /Users/johanneseder711/Documents/ugk_website/unlimited-goalkeeping
180 verbose os Darwin 25.2.0
181 verbose node v25.1.0
182 verbose npm  v11.7.0
183 verbose exit 0
184 info ok
